[2025/03/11 18:02:37]: §9          __             _       
[2025/03/11 18:02:37]: §9  _ __   / /  ___   __ _(_)_ __  
[2025/03/11 18:02:37]: §9 | '_ \ / /  / _ \ / _` | | '_ \ 
[2025/03/11 18:02:37]: §9 | | | / /__| (_) | (_| | | | | |
[2025/03/11 18:02:37]: §9 |_| |_\____/\___/ \__, |_|_| |_|
[2025/03/11 18:02:37]: §9                  |___/            
[2025/03/11 18:02:37]: §9 By: www.nickuc.com - V 10.4.21
[2025/03/11 18:02:37]: §9 
[2025/03/11 18:02:37]: §3[nLogin] [DEBUG] All settings were loaded in 180 ms.
[2025/03/11 18:02:37]: §3[nLogin] [DEBUG] Loading the messages_en.yml message file...
[2025/03/11 18:02:37]: §3[nLogin] [DEBUG] All plugin messages were loaded in 116 ms (languageByClient=false).
[2025/03/11 18:02:37]: §3[nLogin] [DEBUG] All proxy settings were loaded in 20 ms.
[2025/03/11 18:02:37]: §3[nLogin] [DEBUG] Loading database...
[2025/03/11 18:02:38]: §3[nLogin] [DEBUG] Starting logger filter...
[2025/03/11 18:02:43]: 
[2025/03/11 18:02:43]:  §bThank you so much for choosing nLogin! §4<3
[2025/03/11 18:02:43]: 
[2025/03/11 18:02:43]:  §4For your safety, please read the message below:
[2025/03/11 18:02:43]:   §cNever download nLogin from unknown sources.
[2025/03/11 18:02:43]:   §cA modified version may contain malicious software.
[2025/03/11 18:02:43]: 
[2025/03/11 18:02:43]:  §3Trusted sources:
[2025/03/11 18:02:43]:   §bwww.nickuc.com
[2025/03/11 18:02:43]:   §bwww.github.com/nickuc
[2025/03/11 18:02:43]:   §bOpeNLogin installer (from Spigot or GitHub)
[2025/03/11 18:02:43]: 
[2025/03/11 18:02:43]:  §3Official support channels:
[2025/03/11 18:02:43]:   §bDiscord group: §fwww.nickuc.com/discord
[2025/03/11 18:02:43]:   §bDocumentation: §fdocs.nickuc.com/nlogin/
[2025/03/11 18:02:43]:   §bEmail: §fsupport@nickuc.com
[2025/03/11 18:02:43]:   §bYouTube: §fyoutube.com/nickuc
[2025/03/11 18:02:43]: 
[2025/03/11 18:02:43]:  §eTo remove this warning, log in with "nlogin.admin" permission on the server
[2025/03/11 18:02:43]:  §eand click the "Setup plugin" button to configure your plugin.
[2025/03/11 18:02:43]: 
[2025/03/11 18:03:18]: §3[nLogin] [DEBUG] [SQLite] [UPDATE]: "UPDATE `nlogin` SET `last_name` = 'ysyyayyyayya', `unique_id` = 6cd4e5707a4935218e894b4b5c6269c5,  `mojang_id` = null,  `bedrock_id` = null,  `password` = '$2a$10$uzAyimeDV52zfhLxVPu0E.eA6XU7H75LcNP1XZSXE1/6KkHxGwlmu', `last_ip` = '0:0:0:0:0:0:0:1', `creation_date` = 2025-03-11 15:03:58.381, `last_seen` = 2025-03-11 18:03:18.412, `email` = null, `discord` = null, `settings` = '{"settings":[{"value":"en","key":"language"},{"value":"login","key":"last-server"}],"version":0}' WHERE `ai` = 1" (applied to [last_ip, last_seen, settings] columns)
[2025/03/11 18:03:18]: [nLogin] The user ysyyayyyayya has successfully logged in.
[2025/03/11 18:03:34]: §3[nLogin] [DEBUG] [SQLite] [UPDATE]: "UPDATE `nlogin` SET `last_name` = 'ysyyayyyayya', `unique_id` = 6cd4e5707a4935218e894b4b5c6269c5,  `mojang_id` = null,  `bedrock_id` = null,  `password` = '$2a$10$uzAyimeDV52zfhLxVPu0E.eA6XU7H75LcNP1XZSXE1/6KkHxGwlmu', `last_ip` = '0:0:0:0:0:0:0:1', `creation_date` = 2025-03-11 15:03:58.381, `last_seen` = 2025-03-11 18:03:34.315, `email` = null, `discord` = null, `settings` = '{"settings":[{"value":"en","key":"language"},{"value":"login","key":"last-server"}],"version":0}' WHERE `ai` = 1" (applied to [last_seen, settings] columns)
[2025/03/11 18:06:58]: §3[nLogin] [DEBUG] [SQLite] [UPDATE]: "UPDATE `nlogin` SET `last_name` = 'ysyyayyyayya', `unique_id` = 6cd4e5707a4935218e894b4b5c6269c5,  `mojang_id` = null,  `bedrock_id` = null,  `password` = '$2a$10$uzAyimeDV52zfhLxVPu0E.eA6XU7H75LcNP1XZSXE1/6KkHxGwlmu', `last_ip` = '0:0:0:0:0:0:0:1', `creation_date` = 2025-03-11 15:03:58.381, `last_seen` = 2025-03-11 18:06:58.461, `email` = null, `discord` = null, `settings` = '{"settings":[{"value":"en","key":"language"},{"value":"login","key":"last-server"}],"version":0}' WHERE `ai` = 1" (applied to [last_ip, last_seen, settings] columns)
[2025/03/11 18:06:58]: [nLogin] The user ysyyayyyayya has successfully logged in.
[2025/03/11 18:07:05]: §3[nLogin] [DEBUG] [SQLite] [UPDATE]: "UPDATE `nlogin` SET `last_name` = 'ysyyayyyayya', `unique_id` = 6cd4e5707a4935218e894b4b5c6269c5,  `mojang_id` = null,  `bedrock_id` = null,  `password` = '$2a$10$uzAyimeDV52zfhLxVPu0E.eA6XU7H75LcNP1XZSXE1/6KkHxGwlmu', `last_ip` = '0:0:0:0:0:0:0:1', `creation_date` = 2025-03-11 15:03:58.381, `last_seen` = 2025-03-11 18:07:05.762, `email` = null, `discord` = null, `settings` = '{"settings":[{"value":"en","key":"language"},{"value":"login","key":"last-server"}],"version":0}' WHERE `ai` = 1" (applied to [last_seen, settings] columns)
[2025/03/11 18:15:00]: [nLogin] Successful plugin core shutdown (took 0.00s)
