[2025/12/07 13:26:16]: §9          __             _       
[2025/12/07 13:26:16]: §9  _ __   / /  ___   __ _(_)_ __  
[2025/12/07 13:26:16]: §9 | '_ \ / /  / _ \ / _` | | '_ \ 
[2025/12/07 13:26:16]: §9 | | | / /__| (_) | (_| | | | | |
[2025/12/07 13:26:16]: §9 |_| |_\____/\___/ \__, |_|_| |_|
[2025/12/07 13:26:16]: §9                  |___/            
[2025/12/07 13:26:16]: §9 By: www.nickuc.com - V 10.4.21
[2025/12/07 13:26:16]: §9 
[2025/12/07 13:26:16]: §3[nLogin] [DEBUG] All settings were loaded in 110 ms.
[2025/12/07 13:26:16]: §3[nLogin] [DEBUG] Loading the messages_en.yml message file...
[2025/12/07 13:26:16]: §3[nLogin] [DEBUG] All plugin messages were loaded in 45 ms (languageByClient=false).
[2025/12/07 13:26:16]: §3[nLogin] [DEBUG] All proxy settings were loaded in 8 ms.
[2025/12/07 13:26:16]: §3[nLogin] [DEBUG] Loading database...
[2025/12/07 13:26:17]: §3[nLogin] [DEBUG] Starting logger filter...
[2025/12/07 13:26:22]: 
[2025/12/07 13:26:22]:  §bThank you so much for choosing nLogin! §4<3
[2025/12/07 13:26:22]: 
[2025/12/07 13:26:22]:  §4For your safety, please read the message below:
[2025/12/07 13:26:22]:   §cNever download nLogin from unknown sources.
[2025/12/07 13:26:22]:   §cA modified version may contain malicious software.
[2025/12/07 13:26:22]: 
[2025/12/07 13:26:22]:  §3Trusted sources:
[2025/12/07 13:26:22]:   §bwww.nickuc.com
[2025/12/07 13:26:22]:   §bwww.github.com/nickuc
[2025/12/07 13:26:22]:   §bOpeNLogin installer (from Spigot or GitHub)
[2025/12/07 13:26:22]: 
[2025/12/07 13:26:22]:  §3Official support channels:
[2025/12/07 13:26:22]:   §bDiscord group: §fwww.nickuc.com/discord
[2025/12/07 13:26:22]:   §bDocumentation: §fdocs.nickuc.com/nlogin/
[2025/12/07 13:26:22]:   §bEmail: §fsupport@nickuc.com
[2025/12/07 13:26:22]:   §bYouTube: §fyoutube.com/nickuc
[2025/12/07 13:26:22]: 
[2025/12/07 13:26:22]:  §eTo remove this warning, log in with "nlogin.admin" permission on the server
[2025/12/07 13:26:22]:  §eand click the "Setup plugin" button to configure your plugin.
[2025/12/07 13:26:22]: 
[2025/12/07 13:29:00]: [nLogin] Successful plugin core shutdown (took 0.00s)
