[2025/03/13 14:04:33]: §9          __             _       
[2025/03/13 14:04:33]: §9  _ __   / /  ___   __ _(_)_ __  
[2025/03/13 14:04:33]: §9 | '_ \ / /  / _ \ / _` | | '_ \ 
[2025/03/13 14:04:33]: §9 | | | / /__| (_) | (_| | | | | |
[2025/03/13 14:04:33]: §9 |_| |_\____/\___/ \__, |_|_| |_|
[2025/03/13 14:04:33]: §9                  |___/            
[2025/03/13 14:04:33]: §9 By: www.nickuc.com - V 10.4.21
[2025/03/13 14:04:33]: §9 
[2025/03/13 14:04:33]: §3[nLogin] [DEBUG] All settings were loaded in 122 ms.
[2025/03/13 14:04:33]: §3[nLogin] [DEBUG] Loading the messages_en.yml message file...
[2025/03/13 14:04:33]: §3[nLogin] [DEBUG] All plugin messages were loaded in 36 ms (languageByClient=false).
[2025/03/13 14:04:33]: §3[nLogin] [DEBUG] All proxy settings were loaded in 8 ms.
[2025/03/13 14:04:33]: §3[nLogin] [DEBUG] Loading database...
[2025/03/13 14:04:33]: §3[nLogin] [DEBUG] Starting logger filter...
[2025/03/13 14:04:38]: 
[2025/03/13 14:04:38]:  §bThank you so much for choosing nLogin! §4<3
[2025/03/13 14:04:38]: 
[2025/03/13 14:04:38]:  §4For your safety, please read the message below:
[2025/03/13 14:04:38]:   §cNever download nLogin from unknown sources.
[2025/03/13 14:04:38]:   §cA modified version may contain malicious software.
[2025/03/13 14:04:38]: 
[2025/03/13 14:04:38]:  §3Trusted sources:
[2025/03/13 14:04:38]:   §bwww.nickuc.com
[2025/03/13 14:04:38]:   §bwww.github.com/nickuc
[2025/03/13 14:04:38]:   §bOpeNLogin installer (from Spigot or GitHub)
[2025/03/13 14:04:38]: 
[2025/03/13 14:04:38]:  §3Official support channels:
[2025/03/13 14:04:38]:   §bDiscord group: §fwww.nickuc.com/discord
[2025/03/13 14:04:38]:   §bDocumentation: §fdocs.nickuc.com/nlogin/
[2025/03/13 14:04:38]:   §bEmail: §fsupport@nickuc.com
[2025/03/13 14:04:38]:   §bYouTube: §fyoutube.com/nickuc
[2025/03/13 14:04:38]: 
[2025/03/13 14:04:38]:  §eTo remove this warning, log in with "nlogin.admin" permission on the server
[2025/03/13 14:04:38]:  §eand click the "Setup plugin" button to configure your plugin.
[2025/03/13 14:04:38]: 
[2025/03/13 14:04:53]: §3[nLogin] [DEBUG] [SQLite] [UPDATE]: "UPDATE `nlogin` SET `last_name` = 'iglentoften', `unique_id` = 1f39864e1ba832eeb3a0299113502435,  `mojang_id` = null,  `bedrock_id` = null,  `password` = '$2a$10$9K/vV0l7AQl5MS1NT0NCleqXHu5QYxnV.rVS0HvYWGltP1Dt0HJsm', `last_ip` = '0:0:0:0:0:0:0:1', `creation_date` = 2025-03-11 15:06:17.65, `last_seen` = 2025-03-13 14:04:52.993, `email` = null, `discord` = null, `settings` = '{"settings":[{"value":"minigames","key":"last-server"},{"value":"en","key":"language"}],"version":0}' WHERE `ai` = 3" (applied to [last_ip, last_seen, settings] columns)
[2025/03/13 14:04:53]: [nLogin] The user iglentoften has successfully logged in.
[2025/03/13 14:06:29]: §3[nLogin] [DEBUG] [SQLite] [UPDATE]: "UPDATE `nlogin` SET `last_name` = 'Pingdaking8', `unique_id` = ad21c3ff4dd43157a1f359e6631de973,  `mojang_id` = null,  `bedrock_id` = null,  `password` = '$2a$10$nR8yq5bEc.4gXQpRzk8rDebYl0ogUog4wUjxJmdjm6TdoFVUjCWxi', `last_ip` = '0:0:0:0:0:0:0:1', `creation_date` = 2025-03-11 15:04:14.909, `last_seen` = 2025-03-13 14:06:29.955, `email` = null, `discord` = null, `settings` = '{"settings":[{"value":"en","key":"language"}],"version":0}' WHERE `ai` = 2" (applied to [last_ip, last_seen, settings] columns)
[2025/03/13 14:06:29]: [nLogin] The user Pingdaking8 has successfully logged in.
[2025/03/13 14:06:54]: §3[nLogin] [DEBUG] [SQLite] [UPDATE]: "UPDATE `nlogin` SET `last_name` = 'ysyyayyyayya', `unique_id` = 6cd4e5707a4935218e894b4b5c6269c5,  `mojang_id` = null,  `bedrock_id` = null,  `password` = '$2a$10$uzAyimeDV52zfhLxVPu0E.eA6XU7H75LcNP1XZSXE1/6KkHxGwlmu', `last_ip` = '0:0:0:0:0:0:0:1', `creation_date` = 2025-03-11 15:03:58.381, `last_seen` = 2025-03-13 14:06:54.88, `email` = null, `discord` = null, `settings` = '{"settings":[{"value":"en","key":"language"},{"value":"lobby","key":"last-server"}],"version":0}' WHERE `ai` = 1" (applied to [last_ip, last_seen, settings] columns)
[2025/03/13 14:06:54]: [nLogin] The user ysyyayyyayya has successfully logged in.
[2025/03/13 14:07:26]: §3[nLogin] [DEBUG] [SQLite] [UPDATE]: "UPDATE `nlogin` SET `last_name` = 'ysyyayyyayya', `unique_id` = 6cd4e5707a4935218e894b4b5c6269c5,  `mojang_id` = null,  `bedrock_id` = null,  `password` = '$2a$10$uzAyimeDV52zfhLxVPu0E.eA6XU7H75LcNP1XZSXE1/6KkHxGwlmu', `last_ip` = '0:0:0:0:0:0:0:1', `creation_date` = 2025-03-11 15:03:58.381, `last_seen` = 2025-03-13 14:07:26.202, `email` = null, `discord` = null, `settings` = '{"settings":[{"value":"en","key":"language"},{"value":"lobby","key":"last-server"}],"version":0}' WHERE `ai` = 1" (applied to [last_seen, settings] columns)
[2025/03/13 14:10:36]: §3[nLogin] [DEBUG] [SQLite] [UPDATE]: "UPDATE `nlogin` SET `last_name` = 'ysyyayyyayya', `unique_id` = 6cd4e5707a4935218e894b4b5c6269c5,  `mojang_id` = null,  `bedrock_id` = null,  `password` = '$2a$10$uzAyimeDV52zfhLxVPu0E.eA6XU7H75LcNP1XZSXE1/6KkHxGwlmu', `last_ip` = '0:0:0:0:0:0:0:1', `creation_date` = 2025-03-11 15:03:58.381, `last_seen` = 2025-03-13 14:10:36.816, `email` = null, `discord` = null, `settings` = '{"settings":[{"value":"en","key":"language"},{"value":"lobby","key":"last-server"}],"version":0}' WHERE `ai` = 1" (applied to [last_ip, last_seen, settings] columns)
[2025/03/13 14:10:36]: [nLogin] The user ysyyayyyayya has successfully logged in.
[2025/03/13 14:14:25]: §3[nLogin] [DEBUG] [SQLite] [UPDATE]: "UPDATE `nlogin` SET `last_name` = 'ysyyayyyayya', `unique_id` = 6cd4e5707a4935218e894b4b5c6269c5,  `mojang_id` = null,  `bedrock_id` = null,  `password` = '$2a$10$uzAyimeDV52zfhLxVPu0E.eA6XU7H75LcNP1XZSXE1/6KkHxGwlmu', `last_ip` = '0:0:0:0:0:0:0:1', `creation_date` = 2025-03-11 15:03:58.381, `last_seen` = 2025-03-13 14:14:25.989, `email` = null, `discord` = null, `settings` = '{"settings":[{"value":"en","key":"language"},{"value":"login","key":"last-server"}],"version":0}' WHERE `ai` = 1" (applied to [last_seen, settings] columns)
[2025/03/13 14:15:48]: §3[nLogin] [DEBUG] [SQLite] [UPDATE]: "UPDATE `nlogin` SET `last_name` = 'ysyyayyyayya', `unique_id` = 6cd4e5707a4935218e894b4b5c6269c5,  `mojang_id` = null,  `bedrock_id` = null,  `password` = '$2a$10$uzAyimeDV52zfhLxVPu0E.eA6XU7H75LcNP1XZSXE1/6KkHxGwlmu', `last_ip` = '0:0:0:0:0:0:0:1', `creation_date` = 2025-03-11 15:03:58.381, `last_seen` = 2025-03-13 14:15:48.819, `email` = null, `discord` = null, `settings` = '{"settings":[{"value":"en","key":"language"},{"value":"login","key":"last-server"}],"version":0}' WHERE `ai` = 1" (applied to [last_ip, last_seen, settings] columns)
[2025/03/13 14:15:48]: [nLogin] The user ysyyayyyayya has successfully logged in.
[2025/03/13 14:15:57]: §3[nLogin] [DEBUG] [SQLite] [UPDATE]: "UPDATE `nlogin` SET `last_name` = 'ysyyayyyayya', `unique_id` = 6cd4e5707a4935218e894b4b5c6269c5,  `mojang_id` = null,  `bedrock_id` = null,  `password` = '$2a$10$uzAyimeDV52zfhLxVPu0E.eA6XU7H75LcNP1XZSXE1/6KkHxGwlmu', `last_ip` = '0:0:0:0:0:0:0:1', `creation_date` = 2025-03-11 15:03:58.381, `last_seen` = 2025-03-13 14:15:57.892, `email` = null, `discord` = null, `settings` = '{"settings":[{"value":"en","key":"language"},{"value":"login","key":"last-server"}],"version":0}' WHERE `ai` = 1" (applied to [last_seen, settings] columns)
[2025/03/13 14:16:08]: §3[nLogin] [DEBUG] [SQLite] [UPDATE]: "UPDATE `nlogin` SET `last_name` = 'ysyyayyyayya', `unique_id` = 6cd4e5707a4935218e894b4b5c6269c5,  `mojang_id` = null,  `bedrock_id` = null,  `password` = '$2a$10$uzAyimeDV52zfhLxVPu0E.eA6XU7H75LcNP1XZSXE1/6KkHxGwlmu', `last_ip` = '0:0:0:0:0:0:0:1', `creation_date` = 2025-03-11 15:03:58.381, `last_seen` = 2025-03-13 14:16:08.1, `email` = null, `discord` = null, `settings` = '{"settings":[{"value":"en","key":"language"},{"value":"login","key":"last-server"}],"version":0}' WHERE `ai` = 1" (applied to [last_ip, last_seen, settings] columns)
[2025/03/13 14:16:08]: [nLogin] The user ysyyayyyayya has successfully logged in.
[2025/03/13 14:21:00]: §3[nLogin] [DEBUG] [SQLite] [UPDATE]: "UPDATE `nlogin` SET `last_name` = 'iglentoften', `unique_id` = 1f39864e1ba832eeb3a0299113502435,  `mojang_id` = null,  `bedrock_id` = null,  `password` = '$2a$10$9K/vV0l7AQl5MS1NT0NCleqXHu5QYxnV.rVS0HvYWGltP1Dt0HJsm', `last_ip` = '0:0:0:0:0:0:0:1', `creation_date` = 2025-03-11 15:06:17.65, `last_seen` = 2025-03-13 14:21:00.509, `email` = null, `discord` = null, `settings` = '{"settings":[{"value":"minigames","key":"last-server"},{"value":"en","key":"language"}],"version":0}' WHERE `ai` = 3" (applied to [last_seen, settings] columns)
[2025/03/13 14:21:42]: §3[nLogin] [DEBUG] [SQLite] [UPDATE]: "UPDATE `nlogin` SET `last_name` = 'Pingdaking8', `unique_id` = ad21c3ff4dd43157a1f359e6631de973,  `mojang_id` = null,  `bedrock_id` = null,  `password` = '$2a$10$nR8yq5bEc.4gXQpRzk8rDebYl0ogUog4wUjxJmdjm6TdoFVUjCWxi', `last_ip` = '0:0:0:0:0:0:0:1', `creation_date` = 2025-03-11 15:04:14.909, `last_seen` = 2025-03-13 14:21:42.368, `email` = null, `discord` = null, `settings` = '{"settings":[{"value":"en","key":"language"},{"value":"minigames","key":"last-server"}],"version":0}' WHERE `ai` = 2" (applied to [last_seen, settings] columns)
[2025/03/13 14:21:55]: §3[nLogin] [DEBUG] [SQLite] [UPDATE]: "UPDATE `nlogin` SET `last_name` = 'Pingdaking8', `unique_id` = ad21c3ff4dd43157a1f359e6631de973,  `mojang_id` = null,  `bedrock_id` = null,  `password` = '$2a$10$nR8yq5bEc.4gXQpRzk8rDebYl0ogUog4wUjxJmdjm6TdoFVUjCWxi', `last_ip` = '0:0:0:0:0:0:0:1', `creation_date` = 2025-03-11 15:04:14.909, `last_seen` = 2025-03-13 14:21:55.919, `email` = null, `discord` = null, `settings` = '{"settings":[{"value":"en","key":"language"},{"value":"minigames","key":"last-server"}],"version":0}' WHERE `ai` = 2" (applied to [last_ip, last_seen, settings] columns)
[2025/03/13 14:21:55]: [nLogin] The user Pingdaking8 has successfully logged in.
[2025/03/13 14:22:26]: §3[nLogin] [DEBUG] [SQLite] [UPDATE]: "UPDATE `nlogin` SET `last_name` = 'iglentoften', `unique_id` = 1f39864e1ba832eeb3a0299113502435,  `mojang_id` = null,  `bedrock_id` = null,  `password` = '$2a$10$9K/vV0l7AQl5MS1NT0NCleqXHu5QYxnV.rVS0HvYWGltP1Dt0HJsm', `last_ip` = '0:0:0:0:0:0:0:1', `creation_date` = 2025-03-11 15:06:17.65, `last_seen` = 2025-03-13 14:22:26.497, `email` = null, `discord` = null, `settings` = '{"settings":[{"value":"minigames","key":"last-server"},{"value":"en","key":"language"}],"version":0}' WHERE `ai` = 3" (applied to [last_ip, last_seen, settings] columns)
[2025/03/13 14:22:26]: [nLogin] The user iglentoften has successfully logged in.
[2025/03/13 14:25:46]: §3[nLogin] [DEBUG] [SQLite] [UPDATE]: "UPDATE `nlogin` SET `last_name` = 'Pingdaking8', `unique_id` = ad21c3ff4dd43157a1f359e6631de973,  `mojang_id` = null,  `bedrock_id` = null,  `password` = '$2a$10$nR8yq5bEc.4gXQpRzk8rDebYl0ogUog4wUjxJmdjm6TdoFVUjCWxi', `last_ip` = '0:0:0:0:0:0:0:1', `creation_date` = 2025-03-11 15:04:14.909, `last_seen` = 2025-03-13 14:25:46.842, `email` = null, `discord` = null, `settings` = '{"settings":[{"value":"en","key":"language"},{"value":"minigames","key":"last-server"}],"version":0}' WHERE `ai` = 2" (applied to [last_seen, settings] columns)
[2025/03/13 14:25:49]: §3[nLogin] [DEBUG] [SQLite] [UPDATE]: "UPDATE `nlogin` SET `last_name` = 'ysyyayyyayya', `unique_id` = 6cd4e5707a4935218e894b4b5c6269c5,  `mojang_id` = null,  `bedrock_id` = null,  `password` = '$2a$10$uzAyimeDV52zfhLxVPu0E.eA6XU7H75LcNP1XZSXE1/6KkHxGwlmu', `last_ip` = '0:0:0:0:0:0:0:1', `creation_date` = 2025-03-11 15:03:58.381, `last_seen` = 2025-03-13 14:25:49.885, `email` = null, `discord` = null, `settings` = '{"settings":[{"value":"en","key":"language"},{"value":"login","key":"last-server"}],"version":0}' WHERE `ai` = 1" (applied to [last_seen, settings] columns)
[2025/03/13 14:25:49]: §3[nLogin] [DEBUG] [SQLite] [UPDATE]: "UPDATE `nlogin` SET `last_name` = 'iglentoften', `unique_id` = 1f39864e1ba832eeb3a0299113502435,  `mojang_id` = null,  `bedrock_id` = null,  `password` = '$2a$10$9K/vV0l7AQl5MS1NT0NCleqXHu5QYxnV.rVS0HvYWGltP1Dt0HJsm', `last_ip` = '0:0:0:0:0:0:0:1', `creation_date` = 2025-03-11 15:06:17.65, `last_seen` = 2025-03-13 14:25:49.887, `email` = null, `discord` = null, `settings` = '{"settings":[{"value":"minigames","key":"last-server"},{"value":"en","key":"language"}],"version":0}' WHERE `ai` = 3" (applied to [last_seen, settings] columns)
[2025/03/13 14:25:53]: [nLogin] Successful plugin core shutdown (took 0.00s)
