[2025/12/07 13:31:27]: §9          __             _       
[2025/12/07 13:31:27]: §9  _ __   / /  ___   __ _(_)_ __  
[2025/12/07 13:31:27]: §9 | '_ \ / /  / _ \ / _` | | '_ \ 
[2025/12/07 13:31:27]: §9 | | | / /__| (_) | (_| | | | | |
[2025/12/07 13:31:27]: §9 |_| |_\____/\___/ \__, |_|_| |_|
[2025/12/07 13:31:27]: §9                  |___/            
[2025/12/07 13:31:27]: §9 By: www.nickuc.com - V 10.4.21
[2025/12/07 13:31:27]: §9 
[2025/12/07 13:31:27]: §3[nLogin] [DEBUG] All settings were loaded in 109 ms.
[2025/12/07 13:31:27]: §3[nLogin] [DEBUG] Loading the messages_en.yml message file...
[2025/12/07 13:31:27]: §3[nLogin] [DEBUG] All plugin messages were loaded in 45 ms (languageByClient=false).
[2025/12/07 13:31:27]: §3[nLogin] [DEBUG] All proxy settings were loaded in 8 ms.
[2025/12/07 13:31:27]: §3[nLogin] [DEBUG] Loading database...
[2025/12/07 13:31:28]: §3[nLogin] [DEBUG] Starting logger filter...
[2025/12/07 13:31:33]: 
[2025/12/07 13:31:33]:  §bThank you so much for choosing nLogin! §4<3
[2025/12/07 13:31:33]: 
[2025/12/07 13:31:33]:  §4For your safety, please read the message below:
[2025/12/07 13:31:33]:   §cNever download nLogin from unknown sources.
[2025/12/07 13:31:33]:   §cA modified version may contain malicious software.
[2025/12/07 13:31:33]: 
[2025/12/07 13:31:33]:  §3Trusted sources:
[2025/12/07 13:31:33]:   §bwww.nickuc.com
[2025/12/07 13:31:33]:   §bwww.github.com/nickuc
[2025/12/07 13:31:33]:   §bOpeNLogin installer (from Spigot or GitHub)
[2025/12/07 13:31:33]: 
[2025/12/07 13:31:33]:  §3Official support channels:
[2025/12/07 13:31:33]:   §bDiscord group: §fwww.nickuc.com/discord
[2025/12/07 13:31:33]:   §bDocumentation: §fdocs.nickuc.com/nlogin/
[2025/12/07 13:31:33]:   §bEmail: §fsupport@nickuc.com
[2025/12/07 13:31:33]:   §bYouTube: §fyoutube.com/nickuc
[2025/12/07 13:31:33]: 
[2025/12/07 13:31:33]:  §eTo remove this warning, log in with "nlogin.admin" permission on the server
[2025/12/07 13:31:33]:  §eand click the "Setup plugin" button to configure your plugin.
[2025/12/07 13:31:33]: 
[2025/12/07 13:38:00]: §3[nLogin] [DEBUG] [SQLite] [UPDATE]: "INSERT INTO `nlogin` (`last_name`, `unique_id`, `mojang_id`, `bedrock_id`, `password`, `last_ip`, `creation_date`, `last_seen`, `email`, `discord`, `settings`) VALUES ('shmewypoffinz', d7cb68aa09ed34c182d4b7f37cb34fc7, null, null, '$2a$10$.J6f/UoFi6aNHdgl70xghe2glnTX81ZNhk6IHhd2p.NQowFeiIRJu', '127.0.0.1', '2025-12-07 13:38:00.096', '2025-12-07 13:38:00.096', null, null, '{"settings":[{"value":true,"key":"force-invalid-session"}],"version":0}')" (applied to all columns)
[2025/12/07 13:38:00]: [nLogin] The user shmewypoffinz has successfully registered.
[2025/12/07 13:38:53]: §3[nLogin] [DEBUG] [SQLite] [UPDATE]: "UPDATE `nlogin` SET `last_name` = 'shmewypoffinz', `unique_id` = d7cb68aa09ed34c182d4b7f37cb34fc7,  `mojang_id` = null,  `bedrock_id` = null,  `password` = '$2a$10$.J6f/UoFi6aNHdgl70xghe2glnTX81ZNhk6IHhd2p.NQowFeiIRJu', `last_ip` = '127.0.0.1', `creation_date` = 2025-12-07 13:38:00.096, `last_seen` = 2025-12-07 13:38:53.331, `email` = null, `discord` = null, `settings` = '{"settings":[{"value":true,"key":"force-invalid-session"},{"value":"lobby","key":"last-server"},{"value":"en","key":"language"}],"version":0}' WHERE `ai` = 4" (applied to [last_seen, settings] columns)
