[2025/03/17 13:37:06]: §9          __             _       
[2025/03/17 13:37:06]: §9  _ __   / /  ___   __ _(_)_ __  
[2025/03/17 13:37:06]: §9 | '_ \ / /  / _ \ / _` | | '_ \ 
[2025/03/17 13:37:06]: §9 | | | / /__| (_) | (_| | | | | |
[2025/03/17 13:37:06]: §9 |_| |_\____/\___/ \__, |_|_| |_|
[2025/03/17 13:37:06]: §9                  |___/            
[2025/03/17 13:37:06]: §9 By: www.nickuc.com - V 10.4.21
[2025/03/17 13:37:06]: §9 
[2025/03/17 13:37:07]: §3[nLogin] [DEBUG] All settings were loaded in 939 ms.
[2025/03/17 13:37:07]: §3[nLogin] [DEBUG] Loading the messages_en.yml message file...
[2025/03/17 13:37:07]: §3[nLogin] [DEBUG] All plugin messages were loaded in 116 ms (languageByClient=false).
[2025/03/17 13:37:07]: §3[nLogin] [DEBUG] All proxy settings were loaded in 68 ms.
[2025/03/17 13:37:07]: §3[nLogin] [DEBUG] Loading database...
[2025/03/17 13:37:08]: §3[nLogin] [DEBUG] Starting logger filter...
[2025/03/17 13:37:14]: 
[2025/03/17 13:37:14]:  §bThank you so much for choosing nLogin! §4<3
[2025/03/17 13:37:14]: 
[2025/03/17 13:37:14]:  §4For your safety, please read the message below:
[2025/03/17 13:37:14]:   §cNever download nLogin from unknown sources.
[2025/03/17 13:37:14]:   §cA modified version may contain malicious software.
[2025/03/17 13:37:14]: 
[2025/03/17 13:37:14]:  §3Trusted sources:
[2025/03/17 13:37:14]:   §bwww.nickuc.com
[2025/03/17 13:37:14]:   §bwww.github.com/nickuc
[2025/03/17 13:37:14]:   §bOpeNLogin installer (from Spigot or GitHub)
[2025/03/17 13:37:14]: 
[2025/03/17 13:37:14]:  §3Official support channels:
[2025/03/17 13:37:14]:   §bDiscord group: §fwww.nickuc.com/discord
[2025/03/17 13:37:14]:   §bDocumentation: §fdocs.nickuc.com/nlogin/
[2025/03/17 13:37:14]:   §bEmail: §fsupport@nickuc.com
[2025/03/17 13:37:14]:   §bYouTube: §fyoutube.com/nickuc
[2025/03/17 13:37:14]: 
[2025/03/17 13:37:14]:  §eTo remove this warning, log in with "nlogin.admin" permission on the server
[2025/03/17 13:37:14]:  §eand click the "Setup plugin" button to configure your plugin.
[2025/03/17 13:37:14]: 
[2025/03/17 13:38:11]: §3[nLogin] [DEBUG] The ysyyayyyayya (0:0:0:0:0:0:0:1) player entered an incorrect password
[2025/03/17 13:38:18]: §3[nLogin] [DEBUG] [SQLite] [UPDATE]: "UPDATE `nlogin` SET `last_name` = 'Pingdaking8', `unique_id` = ad21c3ff4dd43157a1f359e6631de973,  `mojang_id` = null,  `bedrock_id` = null,  `password` = '$2a$10$nR8yq5bEc.4gXQpRzk8rDebYl0ogUog4wUjxJmdjm6TdoFVUjCWxi', `last_ip` = '0:0:0:0:0:0:0:1', `creation_date` = 2025-03-11 15:04:14.909, `last_seen` = 2025-03-17 13:38:18.207, `email` = null, `discord` = null, `settings` = '{"settings":[{"value":"en","key":"language"},{"value":"minigames","key":"last-server"}],"version":0}' WHERE `ai` = 2" (applied to [last_ip, last_seen, settings] columns)
[2025/03/17 13:38:18]: [nLogin] The user Pingdaking8 has successfully logged in.
[2025/03/17 13:38:31]: §3[nLogin] [DEBUG] The ysyyayyyayya (0:0:0:0:0:0:0:1) player entered an incorrect password
[2025/03/17 13:38:33]: §3[nLogin] [DEBUG] [SQLite] [UPDATE]: "UPDATE `nlogin` SET `last_name` = 'iglentoften', `unique_id` = 1f39864e1ba832eeb3a0299113502435,  `mojang_id` = null,  `bedrock_id` = null,  `password` = '$2a$10$9K/vV0l7AQl5MS1NT0NCleqXHu5QYxnV.rVS0HvYWGltP1Dt0HJsm', `last_ip` = '0:0:0:0:0:0:0:1', `creation_date` = 2025-03-11 15:06:17.65, `last_seen` = 2025-03-17 13:38:33.564, `email` = null, `discord` = null, `settings` = '{"settings":[{"value":"minigames","key":"last-server"},{"value":"en","key":"language"}],"version":0}' WHERE `ai` = 3" (applied to [last_ip, last_seen, settings] columns)
[2025/03/17 13:38:33]: [nLogin] The user iglentoften has successfully logged in.
[2025/03/17 13:38:42]: §3[nLogin] [DEBUG] [SQLite] [UPDATE]: "UPDATE `nlogin` SET `last_name` = 'ysyyayyyayya', `unique_id` = 6cd4e5707a4935218e894b4b5c6269c5,  `mojang_id` = null,  `bedrock_id` = null,  `password` = '$2a$10$uzAyimeDV52zfhLxVPu0E.eA6XU7H75LcNP1XZSXE1/6KkHxGwlmu', `last_ip` = '0:0:0:0:0:0:0:1', `creation_date` = 2025-03-11 15:03:58.381, `last_seen` = 2025-03-17 13:38:42.403, `email` = null, `discord` = null, `settings` = '{"settings":[{"value":"en","key":"language"},{"value":"lobby","key":"last-server"}],"version":0}' WHERE `ai` = 1" (applied to [last_ip, last_seen, settings] columns)
[2025/03/17 13:38:42]: [nLogin] The user ysyyayyyayya has successfully logged in.
[2025/03/17 13:47:28]: §3[nLogin] [DEBUG] [SQLite] [UPDATE]: "UPDATE `nlogin` SET `last_name` = 'iglentoften', `unique_id` = 1f39864e1ba832eeb3a0299113502435,  `mojang_id` = null,  `bedrock_id` = null,  `password` = '$2a$10$9K/vV0l7AQl5MS1NT0NCleqXHu5QYxnV.rVS0HvYWGltP1Dt0HJsm', `last_ip` = '0:0:0:0:0:0:0:1', `creation_date` = 2025-03-11 15:06:17.65, `last_seen` = 2025-03-17 13:47:28.8, `email` = null, `discord` = null, `settings` = '{"settings":[{"value":"minigames","key":"last-server"},{"value":"en","key":"language"}],"version":0}' WHERE `ai` = 3" (applied to [last_seen, settings] columns)
[2025/03/17 13:47:30]: §3[nLogin] [DEBUG] [SQLite] [UPDATE]: "UPDATE `nlogin` SET `last_name` = 'Pingdaking8', `unique_id` = ad21c3ff4dd43157a1f359e6631de973,  `mojang_id` = null,  `bedrock_id` = null,  `password` = '$2a$10$nR8yq5bEc.4gXQpRzk8rDebYl0ogUog4wUjxJmdjm6TdoFVUjCWxi', `last_ip` = '0:0:0:0:0:0:0:1', `creation_date` = 2025-03-11 15:04:14.909, `last_seen` = 2025-03-17 13:47:30.797, `email` = null, `discord` = null, `settings` = '{"settings":[{"value":"en","key":"language"},{"value":"minigames","key":"last-server"}],"version":0}' WHERE `ai` = 2" (applied to [last_seen, settings] columns)
[2025/03/17 13:47:30]: §3[nLogin] [DEBUG] [SQLite] [UPDATE]: "UPDATE `nlogin` SET `last_name` = 'ysyyayyyayya', `unique_id` = 6cd4e5707a4935218e894b4b5c6269c5,  `mojang_id` = null,  `bedrock_id` = null,  `password` = '$2a$10$uzAyimeDV52zfhLxVPu0E.eA6XU7H75LcNP1XZSXE1/6KkHxGwlmu', `last_ip` = '0:0:0:0:0:0:0:1', `creation_date` = 2025-03-11 15:03:58.381, `last_seen` = 2025-03-17 13:47:30.8, `email` = null, `discord` = null, `settings` = '{"settings":[{"value":"en","key":"language"},{"value":"minigames","key":"last-server"}],"version":0}' WHERE `ai` = 1" (applied to [last_seen, settings] columns)
[2025/03/17 13:47:34]: §3[nLogin] [DEBUG] [SQLite] [UPDATE]: "UPDATE `nlogin` SET `last_name` = 'iglentoften', `unique_id` = 1f39864e1ba832eeb3a0299113502435,  `mojang_id` = null,  `bedrock_id` = null,  `password` = '$2a$10$9K/vV0l7AQl5MS1NT0NCleqXHu5QYxnV.rVS0HvYWGltP1Dt0HJsm', `last_ip` = '0:0:0:0:0:0:0:1', `creation_date` = 2025-03-11 15:06:17.65, `last_seen` = 2025-03-17 13:47:34.035, `email` = null, `discord` = null, `settings` = '{"settings":[{"value":"minigames","key":"last-server"},{"value":"en","key":"language"}],"version":0}' WHERE `ai` = 3" (applied to [last_ip, last_seen, settings] columns)
[2025/03/17 13:47:34]: [nLogin] The user iglentoften has successfully logged in.
[2025/03/17 13:47:41]: §3[nLogin] [DEBUG] [SQLite] [UPDATE]: "UPDATE `nlogin` SET `last_name` = 'Pingdaking8', `unique_id` = ad21c3ff4dd43157a1f359e6631de973,  `mojang_id` = null,  `bedrock_id` = null,  `password` = '$2a$10$nR8yq5bEc.4gXQpRzk8rDebYl0ogUog4wUjxJmdjm6TdoFVUjCWxi', `last_ip` = '0:0:0:0:0:0:0:1', `creation_date` = 2025-03-11 15:04:14.909, `last_seen` = 2025-03-17 13:47:41.64, `email` = null, `discord` = null, `settings` = '{"settings":[{"value":"en","key":"language"},{"value":"minigames","key":"last-server"}],"version":0}' WHERE `ai` = 2" (applied to [last_ip, last_seen, settings] columns)
[2025/03/17 13:47:41]: [nLogin] The user Pingdaking8 has successfully logged in.
[2025/03/17 13:47:58]: [nLogin] Successful plugin core shutdown (took 0.00s)
[2025/03/17 13:47:58]: §3[nLogin] [DEBUG] [SQLite] [UPDATE]: "UPDATE `nlogin` SET `last_name` = 'iglentoften', `unique_id` = 1f39864e1ba832eeb3a0299113502435,  `mojang_id` = null,  `bedrock_id` = null,  `password` = '$2a$10$9K/vV0l7AQl5MS1NT0NCleqXHu5QYxnV.rVS0HvYWGltP1Dt0HJsm', `last_ip` = '0:0:0:0:0:0:0:1', `creation_date` = 2025-03-11 15:06:17.65, `last_seen` = 2025-03-17 13:47:58.631, `email` = null, `discord` = null, `settings` = '{"settings":[{"value":"login","key":"last-server"},{"value":"en","key":"language"}],"version":0}' WHERE `ai` = 3" (applied to [last_seen, settings] columns)
[2025/03/17 13:47:58]: §3[nLogin] [DEBUG] [SQLite] [UPDATE]: "UPDATE `nlogin` SET `last_name` = 'Pingdaking8', `unique_id` = ad21c3ff4dd43157a1f359e6631de973,  `mojang_id` = null,  `bedrock_id` = null,  `password` = '$2a$10$nR8yq5bEc.4gXQpRzk8rDebYl0ogUog4wUjxJmdjm6TdoFVUjCWxi', `last_ip` = '0:0:0:0:0:0:0:1', `creation_date` = 2025-03-11 15:04:14.909, `last_seen` = 2025-03-17 13:47:58.632, `email` = null, `discord` = null, `settings` = '{"settings":[{"value":"en","key":"language"},{"value":"login","key":"last-server"}],"version":0}' WHERE `ai` = 2" (applied to [last_seen, settings] columns)
