[16:12:14] [ServerMain/WARN]: resource-pack-id missing, using default of 3b31e2cb-cf29-3e31-a6be-1c6f9941bbe1
[16:12:14] [ServerMain/INFO]: Environment: Environment[sessionHost=https://sessionserver.mojang.com, servicesHost=https://api.minecraftservices.com, name=PROD]
[16:12:16] [ServerMain/INFO]: Loaded 1175 recipes
[16:12:16] [ServerMain/INFO]: Loaded 1276 advancements
[16:12:16] [Server thread/INFO]: Starting minecraft server version 1.20.6
[16:12:16] [Server thread/INFO]: Loading properties
[16:12:16] [Server thread/INFO]: This server is running Paper version 1.20.6-151-ver/1.20.6@a4f0f5c (2024-10-30T19:13:22Z) (Implementing API version 1.20.6-R0.1-SNAPSHOT)
[16:12:17] [Server thread/INFO]: Server Ping Player Sample Count: 12
[16:12:17] [Server thread/INFO]: Using 4 threads for Netty based IO
[16:12:18] [Server thread/WARN]: [!] The timings profiler has been enabled but has been scheduled for removal from Paper in the future.
    We recommend installing the spark profiler as a replacement: https://spark.lucko.me/
    For more information please visit: https://github.com/PaperMC/Paper/issues/8948
[16:12:18] [Server thread/INFO]: [ChunkTaskScheduler] Chunk system is using 1 I/O threads, 1 worker threads, and gen parallelism of 1 threads
[16:12:18] [Server thread/INFO]: Default game type: ADVENTURE
[16:12:18] [Server thread/INFO]: Generating keypair
[16:12:18] [Server thread/INFO]: Starting Minecraft server on *:25565
[16:12:18] [Server thread/INFO]: Using epoll channel type
[16:12:18] [Server thread/INFO]: Paper: Using libdeflate (Linux x86_64) compression from Velocity.
[16:12:18] [Server thread/INFO]: Paper: Using OpenSSL 3.0.x (Linux x86_64) cipher from Velocity.
[16:12:19] [Server thread/INFO]: [SpigotLibraryLoader] [Citizens] Loading 5 libraries... please wait
[16:12:21] [Server thread/INFO]: [SpigotLibraryLoader] [Citizens] Loaded library /workspaces/29-Freshmen-Royale-Lifesteal-Server/Hub/libraries/ch/ethz/globis/phtree/phtree/2.8.1/phtree-2.8.1.jar
[16:12:21] [Server thread/INFO]: [SpigotLibraryLoader] [Citizens] Loaded library /workspaces/29-Freshmen-Royale-Lifesteal-Server/Hub/libraries/org/joml/joml/1.10.8/joml-1.10.8.jar
[16:12:21] [Server thread/INFO]: [SpigotLibraryLoader] [Citizens] Loaded library /workspaces/29-Freshmen-Royale-Lifesteal-Server/Hub/libraries/it/unimi/dsi/fastutil/8.5.15/fastutil-8.5.15.jar
[16:12:21] [Server thread/INFO]: [SpigotLibraryLoader] [Citizens] Loaded library /workspaces/29-Freshmen-Royale-Lifesteal-Server/Hub/libraries/net/kyori/adventure-platform-bukkit/4.3.3/adventure-platform-bukkit-4.3.3.jar
[16:12:21] [Server thread/INFO]: [SpigotLibraryLoader] [Citizens] Loaded library /workspaces/29-Freshmen-Royale-Lifesteal-Server/Hub/libraries/net/kyori/adventure-platform-api/4.3.3/adventure-platform-api-4.3.3.jar
[16:12:21] [Server thread/INFO]: [SpigotLibraryLoader] [Citizens] Loaded library /workspaces/29-Freshmen-Royale-Lifesteal-Server/Hub/libraries/net/kyori/adventure-text-serializer-bungeecord/4.3.3/adventure-text-serializer-bungeecord-4.3.3.jar
[16:12:21] [Server thread/INFO]: [SpigotLibraryLoader] [Citizens] Loaded library /workspaces/29-Freshmen-Royale-Lifesteal-Server/Hub/libraries/net/kyori/adventure-text-serializer-legacy/4.13.1/adventure-text-serializer-legacy-4.13.1.jar
[16:12:21] [Server thread/INFO]: [SpigotLibraryLoader] [Citizens] Loaded library /workspaces/29-Freshmen-Royale-Lifesteal-Server/Hub/libraries/net/kyori/adventure-nbt/4.13.1/adventure-nbt-4.13.1.jar
[16:12:21] [Server thread/INFO]: [SpigotLibraryLoader] [Citizens] Loaded library /workspaces/29-Freshmen-Royale-Lifesteal-Server/Hub/libraries/net/kyori/examination-api/1.3.0/examination-api-1.3.0.jar
[16:12:21] [Server thread/INFO]: [SpigotLibraryLoader] [Citizens] Loaded library /workspaces/29-Freshmen-Royale-Lifesteal-Server/Hub/libraries/net/kyori/examination-string/1.3.0/examination-string-1.3.0.jar
[16:12:21] [Server thread/INFO]: [SpigotLibraryLoader] [Citizens] Loaded library /workspaces/29-Freshmen-Royale-Lifesteal-Server/Hub/libraries/org/jetbrains/annotations/24.0.1/annotations-24.0.1.jar
[16:12:21] [Server thread/INFO]: [SpigotLibraryLoader] [Citizens] Loaded library /workspaces/29-Freshmen-Royale-Lifesteal-Server/Hub/libraries/net/kyori/adventure-text-serializer-gson/4.13.1/adventure-text-serializer-gson-4.13.1.jar
[16:12:21] [Server thread/INFO]: [SpigotLibraryLoader] [Citizens] Loaded library /workspaces/29-Freshmen-Royale-Lifesteal-Server/Hub/libraries/net/kyori/adventure-text-serializer-gson-legacy-impl/4.13.1/adventure-text-serializer-gson-legacy-impl-4.13.1.jar
[16:12:21] [Server thread/INFO]: [SpigotLibraryLoader] [Citizens] Loaded library /workspaces/29-Freshmen-Royale-Lifesteal-Server/Hub/libraries/net/kyori/adventure-platform-facet/4.3.3/adventure-platform-facet-4.3.3.jar
[16:12:21] [Server thread/INFO]: [SpigotLibraryLoader] [Citizens] Loaded library /workspaces/29-Freshmen-Royale-Lifesteal-Server/Hub/libraries/net/kyori/adventure-platform-viaversion/4.3.3/adventure-platform-viaversion-4.3.3.jar
[16:12:21] [Server thread/INFO]: [SpigotLibraryLoader] [Citizens] Loaded library /workspaces/29-Freshmen-Royale-Lifesteal-Server/Hub/libraries/net/kyori/adventure-text-minimessage/4.17.0/adventure-text-minimessage-4.17.0.jar
[16:12:21] [Server thread/INFO]: [SpigotLibraryLoader] [Citizens] Loaded library /workspaces/29-Freshmen-Royale-Lifesteal-Server/Hub/libraries/net/kyori/adventure-api/4.17.0/adventure-api-4.17.0.jar
[16:12:21] [Server thread/INFO]: [SpigotLibraryLoader] [Citizens] Loaded library /workspaces/29-Freshmen-Royale-Lifesteal-Server/Hub/libraries/net/kyori/adventure-key/4.17.0/adventure-key-4.17.0.jar
[16:12:22] [Server thread/INFO]: [ViaVersion] Loading server plugin ViaVersion v5.2.1
[16:12:22] [Server thread/INFO]: [ViaVersion] ViaVersion 5.2.1 is now loaded. Registering protocol transformers and injecting...
[16:12:22] [Via-Mappingloader-0/INFO]: [ViaVersion] Loading block connection mappings ...
[16:12:23] [Via-Mappingloader-0/INFO]: [ViaVersion] Using FastUtil Long2ObjectOpenHashMap for block connections
[16:12:23] [Server thread/INFO]: [ViaBackwards] Loading translations...
[16:12:23] [Server thread/INFO]: [ViaBackwards] Registering protocols...
[16:12:24] [Server thread/INFO]: [ViaRewind] Registering protocols...
[16:12:24] [Server thread/INFO]: [LuckPerms] Loading server plugin LuckPerms v5.4.131
[16:12:25] [Server thread/INFO]: [PlaceholderAPI] Loading server plugin PlaceholderAPI v2.11.6
[16:12:25] [Server thread/INFO]: [Vault] Loading server plugin Vault v1.7.3-b131
[16:12:25] [Server thread/INFO]: [DeluxeHub] Loading server plugin DeluxeHub v3.5.4
[16:12:25] [Server thread/INFO]: [ViaBackwards] Loading server plugin ViaBackwards v5.2.1
[16:12:25] [Server thread/INFO]: [DecentHolograms] Loading server plugin DecentHolograms v2.8.15
[16:12:25] [Server thread/INFO]: [Essentials] Loading server plugin Essentials v2.20.1
[16:12:25] [Server thread/INFO]: [ViaRewind] Loading server plugin ViaRewind v4.0.4
[16:12:25] [Server thread/INFO]: [GadgetsMenu] Loading server plugin GadgetsMenu v4.17.0
[16:12:25] [Server thread/INFO]: [EssentialsSpawn] Loading server plugin EssentialsSpawn v2.20.1
[16:12:25] [Server thread/INFO]: [Citizens] Loading server plugin Citizens v2.0.37-SNAPSHOT (build 3751)
[16:12:25] [Server thread/INFO]: [ViaRewind-Legacy-Support] Loading server plugin ViaRewind-Legacy-Support v1.5.2
[16:12:25] [Server thread/INFO]: [EssentialsChat] Loading server plugin EssentialsChat v2.20.1
[16:12:25] [Server thread/INFO]: [TAB] Loading server plugin TAB v5.0.7
[16:12:25] [Server thread/INFO]: Server permissions file permissions.yml is empty, ignoring it
[16:12:25] [Server thread/INFO]: [LuckPerms] Enabling LuckPerms v5.4.131
[16:12:25] [Server thread/INFO]:         __    
[16:12:25] [Server thread/INFO]:   |    |__)   LuckPerms v5.4.131
[16:12:25] [Server thread/INFO]:   |___ |      Running on Bukkit - Paper
[16:12:25] [Server thread/INFO]: 
[16:12:25] [Server thread/INFO]: [LuckPerms] Loading configuration...
[16:12:25] [Server thread/INFO]: [LuckPerms] Loading storage provider... [H2]
[16:12:26] [Server thread/INFO]: [LuckPerms] Loading internal permission managers...
[16:12:26] [Server thread/INFO]: [LuckPerms] Performing initial data load...
[16:12:26] [Server thread/INFO]: [LuckPerms] Successfully enabled. (took 1579ms)
[16:12:26] [Server thread/INFO]: [Vault] Enabling Vault v1.7.3-b131
[16:12:26] [Server thread/INFO]: [Vault] [Economy] Essentials Economy found: Waiting
[16:12:26] [Server thread/INFO]: [Vault] [Permission] SuperPermissions loaded as backup permission system.
[16:12:26] [Server thread/INFO]: [Vault] Enabled Version 1.7.3-b131
[16:12:26] [Server thread/INFO]: [LuckPerms] Registered Vault permission & chat hook.
[16:12:26] [Server thread/INFO]: [ViaRewind] Enabling ViaRewind v4.0.4
[16:12:26] [Server thread/WARN]: **** SERVER IS RUNNING IN OFFLINE/INSECURE MODE!
[16:12:26] [Server thread/WARN]: The server will make no attempt to authenticate usernames. Beware.
[16:12:26] [Server thread/WARN]: While this makes the game possible to play without internet access, it also opens up the ability for hackers to connect with any username they choose.
[16:12:26] [Server thread/WARN]: To change this, set "online-mode" to "true" in the server.properties file.
[16:12:26] [Server thread/INFO]: Preparing level "world"
[16:12:27] [Server thread/INFO]: Preparing start region for dimension minecraft:overworld
[16:12:27] [Server thread/INFO]: Time elapsed: 2 ms
[16:12:27] [Server thread/INFO]: Preparing start region for dimension minecraft:the_end
[16:12:27] [Server thread/INFO]: Time elapsed: 0 ms
[16:12:27] [Server thread/INFO]: [ViaVersion] Enabling ViaVersion v5.2.1
[16:12:27] [Server thread/INFO]: [ViaVersion] ViaVersion detected server version: 1.20.5-1.20.6 (766)
[16:12:27] [Server thread/INFO]: [PlaceholderAPI] Enabling PlaceholderAPI v2.11.6
[16:12:27] [Server thread/INFO]: [PlaceholderAPI] Fetching available expansion information...
[16:12:27] [Server thread/INFO]: [DeluxeHub] Enabling DeluxeHub v3.5.4
[16:12:27] [Server thread/INFO]: [DeluxeHub]  _   _            _          _    _ 
[16:12:27] [Server thread/INFO]: [DeluxeHub] | \ |_ |  | | \/ |_ |_| | | |_)   _)
[16:12:27] [Server thread/INFO]: [DeluxeHub] |_/ |_ |_ |_| /\ |_ | | |_| |_)   _)
[16:12:27] [Server thread/INFO]: [DeluxeHub] 
[16:12:27] [Server thread/INFO]: [DeluxeHub] Version: 3.5.4
[16:12:27] [Server thread/INFO]: [DeluxeHub] Author: ItsLewizzz
[16:12:27] [Server thread/INFO]: [DeluxeHub] 
[16:12:27] [Server thread/INFO]: [DeluxeHub]  Hooked into PlaceholderAPI
[16:12:27] [Server thread/INFO]: [DeluxeHub] Loaded custom menu 'serverselector'.
[16:12:28] [Server thread/INFO]: [NBTAPI] [NBTAPI] Found Minecraft: 1.20.6! Trying to find NMS support
[16:12:28] [Server thread/INFO]: [NBTAPI] [NBTAPI] NMS support 'MC1_20_R4' loaded!
[16:12:28] [Server thread/INFO]: [NBTAPI] [NBTAPI] Using the plugin 'DeluxeHub' to create a bStats instance!
[16:12:28] [Server thread/INFO]: [DeluxeHub] Loaded 17 plugin modules.
[16:12:28] [Server thread/INFO]: [DeluxeHub] 
[16:12:28] [Server thread/INFO]: [DeluxeHub] Successfully loaded in 778ms
[16:12:28] [Server thread/INFO]: [ViaBackwards] Enabling ViaBackwards v5.2.1
[16:12:28] [Server thread/INFO]: [DecentHolograms] Enabling DecentHolograms v2.8.15
[16:12:28] [Server thread/INFO]: [NBTAPI] [NBTAPI] Found Minecraft: 1.20.6! Trying to find NMS support
[16:12:28] [Server thread/INFO]: [NBTAPI] [NBTAPI] NMS support 'MC1_20_R4' loaded!
[16:12:28] [Server thread/INFO]: [NBTAPI] [NBTAPI] Using the plugin 'DecentHolograms' to create a bStats instance!
[16:12:28] [Server thread/INFO]: [Essentials] Enabling Essentials v2.20.1
[16:12:28] [Server thread/ERROR]: [Essentials] You are running an unsupported server version!
[16:12:29] [Server thread/INFO]: [Essentials] Attempting to convert old kits in config.yml to new kits.yml
[16:12:29] [Server thread/INFO]: [Essentials] No kits found to migrate.
[16:12:29] [Server thread/INFO]: [Essentials] Loaded 39094 items from items.json.
[16:12:29] [Server thread/INFO]: [Essentials] Using locale en
[16:12:29] [Server thread/INFO]: [Essentials] ServerListPingEvent: Spigot iterator API
[16:12:29] [Server thread/INFO]: [Essentials] Starting Metrics. Opt-out using the global bStats config.
[16:12:29] [Server thread/INFO]: [Vault] [Economy] Essentials Economy hooked.
[16:12:29] [Server thread/INFO]: [Essentials] Using Vault based permissions (LuckPerms)
[16:12:29] [Server thread/INFO]: [GadgetsMenu] Enabling GadgetsMenu v4.17.0
[16:12:30] [Server thread/INFO]: [GadgetsMenu] ------------------------------------------------------
[16:12:30] [Server thread/INFO]: [GadgetsMenu]        GadgetsMenu [Free] 4.17.0 is loading...
[16:12:30] [Server thread/INFO]: [GadgetsMenu]       [server: 1.20.6-151-a4f0f5c (MC: 1.20.6)]
[16:12:30] [Server thread/INFO]: [GadgetsMenu]                  Running Java 21.0.9
[16:12:30] [Server thread/INFO]: [GadgetsMenu]                Plugin by Yap Zhen Yie.
[16:12:30] [Server thread/INFO]: [GadgetsMenu]             Date Modified: 12 January 2025
[16:12:30] [Server thread/INFO]: [GadgetsMenu]                            
[16:12:30] [Server thread/INFO]: [GadgetsMenu]              Initializing module v1_20_R4
[16:12:30] [Server thread/INFO]: [GadgetsMenu] ------------------------------------------------------
[16:12:30] [Server thread/INFO]: [GadgetsMenu] [Economy Storage] Successfully registered economy storage: default (GadgetsMenu)
[16:12:30] [Server thread/INFO]: [GadgetsMenu] [Economy Storage] Successfully set default as the active economy storage.
[16:12:31] [Server thread/INFO]: [GadgetsMenu] Initialized Sound Effects. (took 53ms)
[16:12:31] [Server thread/INFO]: Environment: Environment[sessionHost=https://sessionserver.mojang.com, servicesHost=https://api.minecraftservices.com, name=PROD]
[16:12:31] [Server thread/INFO]: [GadgetsMenu] Connecting to SQLite database...
[16:12:31] [Server thread/INFO]: [GadgetsMenu] Successfully connected to SQLite database!
[16:12:31] [Server thread/INFO]: [GadgetsMenu] Enabled Mystery Vault individual hologram.
[16:12:31] [Server thread/INFO]: [PlaceholderAPI] Successfully registered internal expansion: gadgetsmenu [1.0.3]
[16:12:31] [Server thread/INFO]: [GadgetsMenu] [Placeholder] PlaceholderAPI hooked.
[16:12:31] [Server thread/INFO]: [EssentialsSpawn] Enabling EssentialsSpawn v2.20.1
[16:12:31] [Server thread/INFO]: [EssentialsSpawn] Starting Metrics. Opt-out using the global bStats config.
[16:12:31] [Server thread/INFO]: [Citizens] Enabling Citizens v2.0.37-SNAPSHOT (build 3751)
[16:12:31] [Server thread/INFO]: [Citizens] Using mojmapped server, avoiding server package checks
[16:12:32] [Server thread/INFO]: [Citizens] Loaded 0 templates.
[16:12:32] [Server thread/INFO]: [PlaceholderAPI] Successfully registered internal expansion: citizensplaceholder [1.0.0]
[16:12:32] [Server thread/INFO]: [Citizens] Loaded economy handling via Vault.
[16:12:32] [Server thread/INFO]: [ViaRewind-Legacy-Support] Enabling ViaRewind-Legacy-Support v1.5.2
[16:12:32] [Server thread/INFO]: [EssentialsChat] Enabling EssentialsChat v2.20.1
[16:12:32] [Server thread/INFO]: [EssentialsChat] Starting Metrics. Opt-out using the global bStats config.
[16:12:32] [Server thread/INFO]: [TAB] Enabling TAB v5.0.7
[16:12:32] [Server thread/INFO]: [TAB] Loaded NMS hook in 64ms
[16:12:33] [Server thread/INFO]: [TAB] Enabled in 319ms
[16:12:33] [Server thread/INFO]: [PlaceholderAPI] Placeholder expansion registration initializing...
[16:12:33] [Server thread/INFO]: 0 placeholder hook(s) registered!
[16:12:33] [Server thread/INFO]: Running delayed init tasks
[16:12:33] [Craft Scheduler Thread - 2 - ViaVersion/INFO]: [ViaVersion] Finished mapping loading, shutting down loader executor.
[16:12:33] [Craft Scheduler Thread - 1 - DecentHolograms/INFO]: [DecentHolograms] Loading holograms... 
[16:12:33] [Craft Scheduler Thread - 0 - Essentials/INFO]: [Essentials] Fetching version information...
[16:12:33] [Server thread/INFO]: [Essentials] Essentials found a compatible payment resolution method: Vault Compatibility Layer (v1.7.3-b131)!
[16:12:33] [Craft Scheduler Thread - 5 - GadgetsMenu/INFO]: [GadgetsMenu] Checking for updates...
[16:12:33] [Craft Scheduler Thread - 7 - Vault/INFO]: [Vault] Checking for Updates ... 
[16:12:33] [Craft Scheduler Thread - 1 - DecentHolograms/INFO]: [DecentHolograms] Loaded 1 holograms!
[16:12:33] [Craft Scheduler Thread - 7 - Vault/INFO]: [Vault] No new version available
[16:12:33] [Craft Scheduler Thread - 5 - GadgetsMenu/INFO]: [GadgetsMenu] You have an old version of the plugin. You are using 4.17.0, available version 4.20.1.
[16:12:33] [Craft Scheduler Thread - 4 - DecentHolograms/INFO]: 
A newer version of DecentHolograms is available. Download it from: 
- https://www.spigotmc.org/resources/96927/
- https://modrinth.com/plugin/decentholograms
[16:12:33] [Craft Scheduler Thread - 0 - Essentials/WARN]: [Essentials] There is a new EssentialsX version available for download: 2.21.2.
[16:12:33] [Craft Scheduler Thread - 0 - Essentials/WARN]: [Essentials] Download it here: https://essentialsx.net/downloads.html?branch=stable
[16:12:34] [Server thread/INFO]: [Citizens] Loaded 8 NPCs.
[16:12:34] [Server thread/WARN]: [ViaVersion] There is a newer plugin version available: 5.5.1, you're on: 5.2.1
[16:12:34] [Server thread/INFO]: [PlaceholderAPI] An update for PlaceholderAPI (v2.11.7) is available at:
[16:12:34] [Server thread/INFO]: [PlaceholderAPI] https://www.spigotmc.org/resources/placeholderapi.6245/
[16:12:34] [Server thread/INFO]: Done (17.866s)! For help, type "help"
[16:12:34] [Server thread/INFO]: Timings Reset
[16:12:57] [User Authenticator #0/INFO]: UUID of player ysyyayyyayya is 6cd4e570-7a49-3521-8e89-4b4b5c6269c5
[16:12:57] [Netty Epoll Server IO #1/WARN]: [ViaVersion] (1.17->1.16.4) Increased world height is NOT SUPPORTED for 1.16 players and below. They will see a void below y 0 and above 256. You can enable the `bedrock-at-y-0` config option to replace the air with a bedrock layer.
[16:12:57] [Server thread/INFO]: + ysyyayyyayya Connected
[16:12:57] [Server thread/INFO]: ysyyayyyayya[/127.0.0.1:35010] logged in with entity id 32 at ([world]242.5676863196855, 63.0, 1348.5389572713696)
[16:12:58] [Netty Epoll Server IO #1/WARN]: [ViaVersion] (1.13->1.12.2) Ignoring plugin channel in serverbound REGISTER: EAG|GetDomain
[16:12:58] [Netty Epoll Server IO #1/WARN]: [ViaVersion] (1.13->1.12.2) Ignoring plugin channel in serverbound REGISTER: EAG|Voice-1.8
[16:12:58] [Netty Epoll Server IO #1/WARN]: [ViaVersion] (1.13->1.12.2) Ignoring plugin channel in serverbound REGISTER: EAG|1.8
[16:12:58] [Netty Epoll Server IO #1/WARN]: [ViaVersion] (1.13->1.12.2) Ignoring plugin channel in serverbound REGISTER: EAG|UpdateCert-1.8
[16:12:58] [Netty Epoll Server IO #1/WARN]: [ViaVersion] (1.13->1.12.2) Ignoring plugin channel in serverbound REGISTER: EAG|1.8-RPC
[16:12:58] [Netty Epoll Server IO #1/WARN]: [ViaVersion] (1.13->1.12.2) Ignoring plugin channel in serverbound REGISTER: EAG|Skins-1.8
[16:12:58] [Netty Epoll Server IO #1/WARN]: [ViaVersion] (1.13->1.12.2) Ignoring plugin channel in serverbound REGISTER: EAG|1.8-Ready
[16:12:58] [Netty Epoll Server IO #1/WARN]: [ViaVersion] (1.13->1.12.2) Ignoring plugin channel in serverbound REGISTER: EAG|FNAWSEn-1.8
[16:12:58] [Netty Epoll Server IO #1/WARN]: [ViaVersion] (1.13->1.12.2) Ignoring plugin channel in serverbound REGISTER: EAG|Capes-1.8
[16:12:58] [Netty Epoll Server IO #1/WARN]: [ViaVersion] (1.13->1.12.2) Ignoring serverbound plugin message with channel: EAG|1.8-Ready
[16:15:16] [Server thread/INFO]: ysyyayyyayya lost connection: Disconnected
[16:15:16] [Server thread/INFO]: - ysyyayyyayya Disconnected
[16:15:22] [User Authenticator #1/INFO]: UUID of player ysyyayyyayya is 6cd4e570-7a49-3521-8e89-4b4b5c6269c5
[16:15:22] [Server thread/INFO]: + ysyyayyyayya Connected
[16:15:22] [Server thread/INFO]: ysyyayyyayya[/127.0.0.1:33282] logged in with entity id 66 at ([world]242.5676863196855, 63.0, 1348.5389572713696)
[16:15:23] [Netty Epoll Server IO #2/WARN]: [ViaVersion] (1.13->1.12.2) Ignoring plugin channel in serverbound REGISTER: EAG|GetDomain
[16:15:23] [Netty Epoll Server IO #2/WARN]: [ViaVersion] (1.13->1.12.2) Ignoring plugin channel in serverbound REGISTER: EAG|Voice-1.8
[16:15:23] [Netty Epoll Server IO #2/WARN]: [ViaVersion] (1.13->1.12.2) Ignoring plugin channel in serverbound REGISTER: EAG|1.8
[16:15:23] [Netty Epoll Server IO #2/WARN]: [ViaVersion] (1.13->1.12.2) Ignoring plugin channel in serverbound REGISTER: EAG|UpdateCert-1.8
[16:15:23] [Netty Epoll Server IO #2/WARN]: [ViaVersion] (1.13->1.12.2) Ignoring plugin channel in serverbound REGISTER: EAG|1.8-RPC
[16:15:23] [Netty Epoll Server IO #2/WARN]: [ViaVersion] (1.13->1.12.2) Ignoring plugin channel in serverbound REGISTER: EAG|Skins-1.8
[16:15:23] [Netty Epoll Server IO #2/WARN]: [ViaVersion] (1.13->1.12.2) Ignoring plugin channel in serverbound REGISTER: EAG|1.8-Ready
[16:15:23] [Netty Epoll Server IO #2/WARN]: [ViaVersion] (1.13->1.12.2) Ignoring plugin channel in serverbound REGISTER: EAG|FNAWSEn-1.8
[16:15:23] [Netty Epoll Server IO #2/WARN]: [ViaVersion] (1.13->1.12.2) Ignoring plugin channel in serverbound REGISTER: EAG|Capes-1.8
[16:15:23] [Netty Epoll Server IO #2/WARN]: [ViaVersion] (1.13->1.12.2) Ignoring serverbound plugin message with channel: EAG|1.8-Ready
[16:18:52] [Server thread/INFO]: ysyyayyyayya lost connection: Disconnected
[16:18:52] [Server thread/INFO]: - ysyyayyyayya Disconnected
[16:20:36] [Server thread/INFO]: Stopping the server
[16:20:36] [Server thread/INFO]: Stopping server
[16:20:36] [Server thread/INFO]: [TAB] Disabling TAB v5.0.7
[16:20:36] [Server thread/INFO]: [TAB] Disabled in 0ms
[16:20:36] [Server thread/INFO]: [EssentialsChat] Disabling EssentialsChat v2.20.1
[16:20:36] [Server thread/INFO]: [ViaRewind-Legacy-Support] Disabling ViaRewind-Legacy-Support v1.5.2
[16:20:36] [Server thread/INFO]: [Citizens] Disabling Citizens v2.0.37-SNAPSHOT (build 3751)
[16:20:36] [Server thread/INFO]: [EssentialsSpawn] Disabling EssentialsSpawn v2.20.1
[16:20:36] [Server thread/INFO]: [GadgetsMenu] Disabling GadgetsMenu v4.17.0
[16:20:36] [Server thread/INFO]: [GadgetsMenu] SQLite database connection has been closed.
[16:20:36] [Server thread/INFO]: [ViaRewind] Disabling ViaRewind v4.0.4
[16:20:36] [Server thread/INFO]: [Essentials] Disabling Essentials v2.20.1
[16:20:36] [Server thread/INFO]: [Vault] [Economy] Essentials Economy unhooked.
[16:20:36] [Server thread/INFO]: [DecentHolograms] Disabling DecentHolograms v2.8.15
[16:20:36] [Server thread/INFO]: [ViaBackwards] Disabling ViaBackwards v5.2.1
[16:20:36] [Server thread/INFO]: [DeluxeHub] Disabling DeluxeHub v3.5.4
[16:20:36] [Server thread/INFO]: [Vault] Disabling Vault v1.7.3-b131
[16:20:36] [Server thread/INFO]: [PlaceholderAPI] Disabling PlaceholderAPI v2.11.6
[16:20:36] [Server thread/INFO]: [LuckPerms] Disabling LuckPerms v5.4.131
[16:20:36] [Server thread/INFO]: [LuckPerms] Starting shutdown process...
[16:20:36] [Server thread/INFO]: [LuckPerms] Closing storage...
[16:20:36] [Server thread/INFO]: [LuckPerms] Goodbye!
[16:20:36] [Server thread/INFO]: [ViaVersion] Disabling ViaVersion v5.2.1
[16:20:36] [Server thread/INFO]: [ViaVersion] ViaVersion has been disabled; uninjected the platform and shut down the scheduler.
[16:20:36] [Server thread/INFO]: Saving players
[16:20:36] [Server thread/INFO]: Saving worlds
[16:20:36] [Server thread/INFO]: Saving chunks for level 'ServerLevel[world]'/minecraft:overworld
[16:20:36] [Server thread/INFO]: [ChunkHolderManager] Waiting 60s for chunk system to halt for world 'world'
[16:20:36] [Server thread/INFO]: [ChunkHolderManager] Halted chunk system for world 'world'
[16:20:36] [Server thread/INFO]: [ChunkHolderManager] Saving all chunkholders for world 'world'
[16:20:36] [Server thread/INFO]: [ChunkHolderManager] Saved 0 block chunks, 0 entity chunks, 0 poi chunks in world 'world' in 0.00s
[16:20:36] [Server thread/INFO]: ThreadedAnvilChunkStorage (world): All chunks are saved
[16:20:36] [Server thread/INFO]: Saving chunks for level 'ServerLevel[world_the_end]'/minecraft:the_end
[16:20:36] [Server thread/INFO]: [ChunkHolderManager] Waiting 60s for chunk system to halt for world 'world_the_end'
[16:20:36] [Server thread/INFO]: [ChunkHolderManager] Halted chunk system for world 'world_the_end'
[16:20:36] [Server thread/INFO]: [ChunkHolderManager] Saving all chunkholders for world 'world_the_end'
[16:20:36] [Server thread/INFO]: [ChunkHolderManager] Saved 0 block chunks, 0 entity chunks, 0 poi chunks in world 'world_the_end' in 0.00s
[16:20:36] [Server thread/INFO]: ThreadedAnvilChunkStorage (DIM1): All chunks are saved
[16:20:36] [Server thread/INFO]: ThreadedAnvilChunkStorage: All dimensions are saved
[16:20:37] [Server thread/INFO]: Flushing Chunk IO
[16:20:37] [Server thread/INFO]: Closing Thread Pool
[16:20:37] [Server thread/INFO]: Closing Server
