[19:43:26] [main/INFO] [com.velocitypowered.proxy.VelocityServer]: Booting up Velocity 3.4.0-SNAPSHOT (git-c9aa1cca-b480)...
[19:43:26] [main/INFO] [com.velocitypowered.proxy.VelocityServer]: Loading localizations...
[19:43:26] [main/INFO] [com.velocitypowered.proxy.network.ConnectionManager]: Connections will use epoll channels, libdeflate (Linux x86_64) compression, OpenSSL 3.x.x (Linux x86_64) ciphers
[19:43:26] [main/WARN] [com.velocitypowered.proxy.config.VelocityConfiguration]: The proxy is running in offline mode! This is a security risk and you will NOT receive any support!
[19:43:26] [main/WARN] [com.velocitypowered.proxy.config.VelocityConfiguration]: Player info forwarding is disabled! All players will appear to be connecting from the proxy and will have offline-mode UUIDs.
[19:43:26] [main/INFO] [com.velocitypowered.proxy.VelocityServer]: Loading plugins...
[19:43:26] [main/ERROR] [com.velocitypowered.proxy.console.VelocityConsole]: :>:>:>:>:>:>:>:>:>:>:>:>:>:>:>:>:>:>:>:>:>:>:>
[19:43:26] [main/ERROR] [com.velocitypowered.proxy.console.VelocityConsole]: :>  
[19:43:26] [main/ERROR] [com.velocitypowered.proxy.console.VelocityConsole]: :>      EAGLERCRAFTXVELOCITY WARNING:
[19:43:26] [main/ERROR] [com.velocitypowered.proxy.console.VelocityConsole]: :>  
[19:43:26] [main/ERROR] [com.velocitypowered.proxy.console.VelocityConsole]: :>  This plugin wasn't tested to be 'working'
[19:43:26] [main/ERROR] [com.velocitypowered.proxy.console.VelocityConsole]: :>  with ANY version of Velocity (and forks)
[19:43:26] [main/ERROR] [com.velocitypowered.proxy.console.VelocityConsole]: :>  apart from the versions listed below:
[19:43:26] [main/ERROR] [com.velocitypowered.proxy.console.VelocityConsole]: :>  
[19:43:26] [main/ERROR] [com.velocitypowered.proxy.console.VelocityConsole]: :>  - Velocity: 3.4.0-SNAPSHOT:6995f415:b464
[19:43:26] [main/ERROR] [com.velocitypowered.proxy.console.VelocityConsole]: :>  - https://api.papermc.io/v2/projects/velocity/versions/3.4.0-SNAPSHOT/builds/464/downloads/velocity-3.4.0-SNAPSHOT-464.jar
[19:43:26] [main/ERROR] [com.velocitypowered.proxy.console.VelocityConsole]: :>  
[19:43:26] [main/ERROR] [com.velocitypowered.proxy.console.VelocityConsole]: :>  This is not a Bukkit/Spigot plugin!
[19:43:26] [main/ERROR] [com.velocitypowered.proxy.console.VelocityConsole]: :>  
[19:43:26] [main/ERROR] [com.velocitypowered.proxy.console.VelocityConsole]: :>  Use "-Deaglerxvelocity.stfu=true" to hide
[19:43:26] [main/ERROR] [com.velocitypowered.proxy.console.VelocityConsole]: :>  
[19:43:26] [main/ERROR] [com.velocitypowered.proxy.console.VelocityConsole]: :>:>:>:>:>:>:>:>:>:>:>:>:>:>:>:>:>:>:>:>:>:>:>
[19:43:26] [main/INFO] [com.velocitypowered.proxy.plugin.VelocityPluginManager]: Loaded plugin eaglerxvelocity 1.1.7 by lax1dude, ayunami2000
[19:43:26] [main/INFO] [com.velocitypowered.proxy.plugin.VelocityPluginManager]: Loaded plugin nlogin 10.4.21 by NickUC
[19:43:26] [main/INFO] [com.velocitypowered.proxy.VelocityServer]: Loaded 3 plugins
[19:43:26] [EaglercraftXVelocity - Task Executor #0/WARN] [eaglerxvelocity]: This plugin is still in development, certain features may not be functional!
[19:43:26] [EaglercraftXVelocity - Task Executor #0/WARN] [eaglerxvelocity]: Not recommended for public servers yet, please check for updates
[19:43:26] [EaglercraftXVelocity - Task Executor #0/ERROR] [eaglerxvelocity]: Online mode is set to false! Authentication system has been disabled
[19:43:27] [Netty epoll Boss #0/INFO] [eaglerxvelocity]: Eaglercraft is listening on: /0.0.0.0:8081
[19:43:27] [EaglercraftXVelocity - Task Executor #0/INFO] [eaglerxvelocity]: Connected to database: jdbc:sqlite:eaglercraft_skins_cache.db
[19:43:27] [EaglercraftXVelocity - Task Executor #0/INFO] [eaglerxvelocity]: Voice chat disabled, add "allow_voice: true" to your listeners to enable
[19:43:28] [EaglercraftXVelocity - Task Executor #0/INFO] [nlogin]: Successful plugin core start (took 0.64s)
[19:43:28] [EaglercraftXVelocity - Task Executor #0/INFO] [com.velocitypowered.proxy.console.VelocityConsole]:           __             _       
[19:43:28] [EaglercraftXVelocity - Task Executor #0/INFO] [com.velocitypowered.proxy.console.VelocityConsole]:   _ __   / /  ___   __ _(_)_ __  
[19:43:28] [EaglercraftXVelocity - Task Executor #0/INFO] [com.velocitypowered.proxy.console.VelocityConsole]:  | '_ \ / /  / _ \ / _` | | '_ \ 
[19:43:28] [EaglercraftXVelocity - Task Executor #0/INFO] [com.velocitypowered.proxy.console.VelocityConsole]:  | | | / /__| (_) | (_| | | | | |
[19:43:28] [EaglercraftXVelocity - Task Executor #0/INFO] [com.velocitypowered.proxy.console.VelocityConsole]:  |_| |_\____/\___/ \__, |_|_| |_|
[19:43:28] [EaglercraftXVelocity - Task Executor #0/INFO] [com.velocitypowered.proxy.console.VelocityConsole]:                   |___/            
[19:43:28] [EaglercraftXVelocity - Task Executor #0/INFO] [com.velocitypowered.proxy.console.VelocityConsole]:  By: www.nickuc.com - V 10.4.21
[19:43:28] [EaglercraftXVelocity - Task Executor #0/INFO] [com.velocitypowered.proxy.console.VelocityConsole]:  
[19:43:28] [Netty epoll Boss #1/INFO] [com.velocitypowered.proxy.network.ConnectionManager]: Listening on /[0:0:0:0:0:0:0:0]:25765
[19:43:28] [main/INFO] [com.velocitypowered.proxy.Velocity]: Done (2.88s)!
[19:43:33] [nLogin - Task Executor #0/INFO] [com.velocitypowered.proxy.console.VelocityConsole]: 
[19:43:33] [nLogin - Task Executor #0/INFO] [com.velocitypowered.proxy.console.VelocityConsole]:  Thank you so much for choosing nLogin! <3
[19:43:33] [nLogin - Task Executor #0/INFO] [com.velocitypowered.proxy.console.VelocityConsole]: 
[19:43:33] [nLogin - Task Executor #0/INFO] [com.velocitypowered.proxy.console.VelocityConsole]:  For your safety, please read the message below:
[19:43:33] [nLogin - Task Executor #0/INFO] [com.velocitypowered.proxy.console.VelocityConsole]:   Never download nLogin from unknown sources.
[19:43:33] [nLogin - Task Executor #0/INFO] [com.velocitypowered.proxy.console.VelocityConsole]:   A modified version may contain malicious software.
[19:43:33] [nLogin - Task Executor #0/INFO] [com.velocitypowered.proxy.console.VelocityConsole]: 
[19:43:33] [nLogin - Task Executor #0/INFO] [com.velocitypowered.proxy.console.VelocityConsole]:  Trusted sources:
[19:43:33] [nLogin - Task Executor #0/INFO] [com.velocitypowered.proxy.console.VelocityConsole]:   www.nickuc.com
[19:43:33] [nLogin - Task Executor #0/INFO] [com.velocitypowered.proxy.console.VelocityConsole]:   www.github.com/nickuc
[19:43:33] [nLogin - Task Executor #0/INFO] [com.velocitypowered.proxy.console.VelocityConsole]:   OpeNLogin installer (from Spigot or GitHub)
[19:43:33] [nLogin - Task Executor #0/INFO] [com.velocitypowered.proxy.console.VelocityConsole]: 
[19:43:33] [nLogin - Task Executor #0/INFO] [com.velocitypowered.proxy.console.VelocityConsole]:  Official support channels:
[19:43:33] [nLogin - Task Executor #0/INFO] [com.velocitypowered.proxy.console.VelocityConsole]:   Discord group: www.nickuc.com/discord
[19:43:33] [nLogin - Task Executor #0/INFO] [com.velocitypowered.proxy.console.VelocityConsole]:   Documentation: docs.nickuc.com/nlogin/
[19:43:33] [nLogin - Task Executor #0/INFO] [com.velocitypowered.proxy.console.VelocityConsole]:   Email: support@nickuc.com
[19:43:33] [nLogin - Task Executor #0/INFO] [com.velocitypowered.proxy.console.VelocityConsole]:   YouTube: youtube.com/nickuc
[19:43:33] [nLogin - Task Executor #0/INFO] [com.velocitypowered.proxy.console.VelocityConsole]: 
[19:43:33] [nLogin - Task Executor #0/INFO] [com.velocitypowered.proxy.console.VelocityConsole]:  To remove this warning, log in with "nlogin.admin" permission on the server
[19:43:33] [nLogin - Task Executor #0/INFO] [com.velocitypowered.proxy.console.VelocityConsole]:  and click the "Setup plugin" button to configure your plugin.
[19:43:33] [nLogin - Task Executor #0/INFO] [com.velocitypowered.proxy.console.VelocityConsole]: 
[19:48:00] [Netty epoll Worker #1/INFO] [eaglerxvelocity]: [/[0:0:0:0:0:0:0:1]:51078]: Connected via websocket
[19:48:00] [Netty epoll Worker #1/INFO] [eaglerxvelocity]: [/[0:0:0:0:0:0:0:1]:51078]: Origin header is https://resent4-0.vercel.app
[19:48:01] [nLogin - Task Executor #0/INFO] [com.velocitypowered.proxy.connection.client.InitialInboundConnection]: [initial connection] /[0:0:0:0:0:0:0:1]:51078 has disconnected: You have exhausted the account limits per IP.
[19:48:05] [Netty epoll Worker #3/INFO] [eaglerxvelocity]: [/[0:0:0:0:0:0:0:1]:51096]: Connected via websocket
[19:48:05] [Netty epoll Worker #3/INFO] [eaglerxvelocity]: [/[0:0:0:0:0:0:0:1]:51096]: Origin header is https://resent4-0.vercel.app
[19:48:05] [nLogin - Task Executor #0/INFO] [com.velocitypowered.proxy.connection.client.InitialInboundConnection]: [initial connection] /[0:0:0:0:0:0:0:1]:51096 has disconnected: You have exhausted the account limits per IP.
[19:48:25] [Netty epoll Worker #4/INFO] [eaglerxvelocity]: [/[0:0:0:0:0:0:0:1]:53854]: Connected via websocket
[19:48:25] [Netty epoll Worker #4/INFO] [eaglerxvelocity]: [/[0:0:0:0:0:0:0:1]:53854]: Origin header is https://resent4-0.vercel.app
[19:48:25] [nLogin - Task Executor #0/INFO] [com.velocitypowered.proxy.connection.client.InitialInboundConnection]: [initial connection] /[0:0:0:0:0:0:0:1]:53854 has disconnected: You have exhausted the account limits per IP.
[19:50:05] [Netty epoll Worker #6/INFO] [eaglerxvelocity]: [/[0:0:0:0:0:0:0:1]:42656]: Connected via websocket
[19:50:05] [Netty epoll Worker #6/INFO] [eaglerxvelocity]: [/[0:0:0:0:0:0:0:1]:42656]: Origin header is null
[19:50:05] [Netty epoll Worker #6/INFO] [eaglerxvelocity]: [connected player] ysyyayyyayya (/[0:0:0:0:0:0:0:1]:42656) has connected
[19:50:05] [Netty epoll Worker #6/INFO] [com.velocitypowered.proxy.connection.MinecraftConnection]: [server connection] ysyyayyyayya -> login has connected
[19:50:11] [nLogin - Task Executor #3/INFO] [nlogin]: The user ysyyayyyayya has successfully logged in.
[19:50:11] [Netty epoll Worker #6/INFO] [com.velocitypowered.proxy.connection.MinecraftConnection]: [server connection] ysyyayyyayya -> lobby has connected
[19:50:12] [Netty epoll Worker #6/INFO] [com.velocitypowered.proxy.connection.MinecraftConnection]: [server connection] ysyyayyyayya -> login has disconnected
[19:50:20] [Netty epoll Worker #6/INFO] [com.velocitypowered.proxy.connection.MinecraftConnection]: [server connection] ysyyayyyayya -> lifesteal has connected
[19:50:22] [Netty epoll Worker #6/INFO] [com.velocitypowered.proxy.connection.MinecraftConnection]: [server connection] ysyyayyyayya -> lobby has disconnected
[19:56:41] [Netty epoll Worker #6/INFO] [com.velocitypowered.proxy.connection.client.ConnectedPlayer]: [connected player] ysyyayyyayya (/[0:0:0:0:0:0:0:1]:42656): kicked from server lifesteal: Server is restarting
[19:56:41] [Netty epoll Worker #6/INFO] [com.velocitypowered.proxy.connection.MinecraftConnection]: [server connection] ysyyayyyayya -> lifesteal has disconnected
[19:56:41] [Netty epoll Worker #6/INFO] [com.velocitypowered.proxy.connection.MinecraftConnection]: [server connection] ysyyayyyayya -> login has connected
